ComplainstApp/app/build/intermediates/manifest_merge_blame_file/debug/manifest-merger-blame-debug-report.txt
1<?xml version="1.0" encoding="utf-8"?>
2<manifest xmlns:android="http://schemas.android.com/apk/res/android"
3    package="com.example.complainstapp"
4    android:versionCode="1"
5    android:versionName="1.0" >
6
7    <uses-sdk
8        android:minSdkVersion="21"
8-->src\main\AndroidManifest.xml
9        android:targetSdkVersion="31" />
9-->src\main\AndroidManifest.xml
10
11    <uses-permission android:name="android.permission.INTERNET" />
11-->src\main\AndroidManifest.xml:5:5-67
11-->src\main\AndroidManifest.xml:5:22-64
12    <uses-permission android:name="android.permission.INTERNET" />
12-->src\main\AndroidManifest.xml:5:5-67
12-->src\main\AndroidManifest.xml:5:22-64
13    <uses-permission android:name="android.permission.ACCESS_NETWORK_STATE" />
13-->src\main\AndroidManifest.xml:7:5-78
13-->src\main\AndroidManifest.xml:7:22-76
14
15    <uses-feature
15-->[com.google.android.gms:play-services-maps:18.0.2] AndroidManifest.xml:26:5-28:35
16        android:glEsVersion="0x00020000"
16-->[com.google.android.gms:play-services-maps:18.0.2] AndroidManifest.xml:27:9-41
17        android:required="true" />
17-->[com.google.android.gms:play-services-maps:18.0.2] AndroidManifest.xml:28:9-32
18
19    <queries>
19-->[com.google.android.gms:play-services-maps:18.0.2] AndroidManifest.xml:30:5-34:15
20
21        <!-- Needs to be explicitly declared on Android R+ -->
22        <package android:name="com.google.android.apps.maps" />
22-->[com.google.android.gms:play-services-maps:18.0.2] AndroidManifest.xml:33:9-64
22-->[com.google.android.gms:play-services-maps:18.0.2] AndroidManifest.xml:33:18-61
23    </queries>
24
25    <application
25-->src\main\AndroidManifest.xml:9:5-47:19
26        android:allowBackup="true"
26-->src\main\AndroidManifest.xml:11:9-35
27        android:appComponentFactory="androidx.core.app.CoreComponentFactory"
27-->[androidx.core:core:1.7.0] AndroidManifest.xml:24:18-86
28        android:debuggable="true"
29        android:icon="@mipmap/ic_launcher"
29-->src\main\AndroidManifest.xml:12:9-43
30        android:label="@string/app_name"
30-->src\main\AndroidManifest.xml:13:9-41
31        android:roundIcon="@mipmap/ic_launcher_round"
31-->src\main\AndroidManifest.xml:14:9-54
32        android:supportsRtl="true"
32-->src\main\AndroidManifest.xml:15:9-35
33        android:testOnly="true"
34        android:theme="@style/Theme.Material3.Light.NoActionBar"
34-->src\main\AndroidManifest.xml:16:9-65
35        android:usesCleartextTraffic="true" >
35-->src\main\AndroidManifest.xml:10:9-44
36
37        <!--
38             TODO: Before you run your application, you need a Google Maps API key.
39
40             To get one, follow the directions here:
41
42                https://developers.google.com/maps/documentation/android-sdk/get-api-key
43
44             Once you have your API key (it starts with "AIza"), define a new property in your
45             project's local.properties file (e.g. MAPS_API_KEY=Aiza...), and replace the
46             "YOUR_API_KEY" string in this file with "${MAPS_API_KEY}".
47        -->
48        <meta-data
48-->src\main\AndroidManifest.xml:29:9-31:44
49            android:name="com.google.android.geo.API_KEY"
49-->src\main\AndroidManifest.xml:30:13-58
50            android:value="YOUR_API_KEY" />
50-->src\main\AndroidManifest.xml:31:13-41
51
52        <activity
52-->src\main\AndroidManifest.xml:33:9-43:20
53            android:name="com.example.complainstapp.MainActivity"
53-->src\main\AndroidManifest.xml:34:13-41
54            android:exported="true"
54-->src\main\AndroidManifest.xml:35:13-36
55            android:label="@string/app_name"
55-->src\main\AndroidManifest.xml:36:13-45
56            android:theme="@style/Theme.Material3.DayNight.NoActionBar" >
56-->src\main\AndroidManifest.xml:37:13-72
57            <intent-filter>
57-->src\main\AndroidManifest.xml:38:13-42:29
58                <action android:name="android.intent.action.MAIN" />
58-->src\main\AndroidManifest.xml:39:17-69
58-->src\main\AndroidManifest.xml:39:25-66
59
60                <category android:name="android.intent.category.LAUNCHER" />
60-->src\main\AndroidManifest.xml:41:17-77
60-->src\main\AndroidManifest.xml:41:27-74
61            </intent-filter>
62        </activity>
63        <activity android:name="com.example.complainstapp.LoginActivity" />
63-->src\main\AndroidManifest.xml:44:9-51
63-->src\main\AndroidManifest.xml:44:19-48
64        <activity android:name="com.example.complainstapp.HomepageActivity" />
64-->src\main\AndroidManifest.xml:45:9-54
64-->src\main\AndroidManifest.xml:45:19-51
65        <activity android:name="com.example.complainstapp.CreateComplaint" />
65-->src\main\AndroidManifest.xml:46:9-53
65-->src\main\AndroidManifest.xml:46:19-50
66        <!-- Needs to be explicitly declared on P+ -->
67        <uses-library
67-->[com.google.android.gms:play-services-maps:18.0.2] AndroidManifest.xml:39:9-41:40
68            android:name="org.apache.http.legacy"
68-->[com.google.android.gms:play-services-maps:18.0.2] AndroidManifest.xml:40:13-50
69            android:required="false" />
69-->[com.google.android.gms:play-services-maps:18.0.2] AndroidManifest.xml:41:13-37
70
71        <activity
71-->[com.google.android.gms:play-services-auth:20.1.0] AndroidManifest.xml:23:9-27:75
72            android:name="com.google.android.gms.auth.api.signin.internal.SignInHubActivity"
72-->[com.google.android.gms:play-services-auth:20.1.0] AndroidManifest.xml:24:13-93
73            android:excludeFromRecents="true"
73-->[com.google.android.gms:play-services-auth:20.1.0] AndroidManifest.xml:25:13-46
74            android:exported="false"
74-->[com.google.android.gms:play-services-auth:20.1.0] AndroidManifest.xml:26:13-37
75            android:theme="@android:style/Theme.Translucent.NoTitleBar" />
75-->[com.google.android.gms:play-services-auth:20.1.0] AndroidManifest.xml:27:13-72
76        <!--
77            Service handling Google Sign-In user revocation. For apps that do not integrate with
78            Google Sign-In, this service will never be started.
79        -->
80        <service
80-->[com.google.android.gms:play-services-auth:20.1.0] AndroidManifest.xml:33:9-37:51
81            android:name="com.google.android.gms.auth.api.signin.RevocationBoundService"
81-->[com.google.android.gms:play-services-auth:20.1.0] AndroidManifest.xml:34:13-89
82            android:exported="true"
82-->[com.google.android.gms:play-services-auth:20.1.0] AndroidManifest.xml:35:13-36
83            android:permission="com.google.android.gms.auth.api.signin.permission.REVOCATION_NOTIFICATION"
83-->[com.google.android.gms:play-services-auth:20.1.0] AndroidManifest.xml:36:13-107
84            android:visibleToInstantApps="true" />
84-->[com.google.android.gms:play-services-auth:20.1.0] AndroidManifest.xml:37:13-48
85
86        <activity
86-->[com.google.android.gms:play-services-base:18.0.1] AndroidManifest.xml:20:9-22:45
87            android:name="com.google.android.gms.common.api.GoogleApiActivity"
87-->[com.google.android.gms:play-services-base:18.0.1] AndroidManifest.xml:20:19-85
88            android:exported="false"
88-->[com.google.android.gms:play-services-base:18.0.1] AndroidManifest.xml:22:19-43
89            android:theme="@android:style/Theme.Translucent.NoTitleBar" />
89-->[com.google.android.gms:play-services-base:18.0.1] AndroidManifest.xml:21:19-78
90
91        <meta-data
91-->[com.google.android.gms:play-services-basement:18.0.0] AndroidManifest.xml:21:9-23:69
92            android:name="com.google.android.gms.version"
92-->[com.google.android.gms:play-services-basement:18.0.0] AndroidManifest.xml:22:13-58
93            android:value="@integer/google_play_services_version" />
93-->[com.google.android.gms:play-services-basement:18.0.0] AndroidManifest.xml:23:13-66
94
95        <provider
95-->[androidx.emoji2:emoji2:1.0.0] AndroidManifest.xml:26:9-34:20
96            android:name="androidx.startup.InitializationProvider"
96-->[androidx.emoji2:emoji2:1.0.0] AndroidManifest.xml:27:13-67
97            android:authorities="com.example.complainstapp.androidx-startup"
97-->[androidx.emoji2:emoji2:1.0.0] AndroidManifest.xml:28:13-68
98            android:exported="false" >
98-->[androidx.emoji2:emoji2:1.0.0] AndroidManifest.xml:29:13-37
99            <meta-data
99-->[androidx.emoji2:emoji2:1.0.0] AndroidManifest.xml:31:13-33:52
100                android:name="androidx.emoji2.text.EmojiCompatInitializer"
100-->[androidx.emoji2:emoji2:1.0.0] AndroidManifest.xml:32:17-75
101                android:value="androidx.startup" />
101-->[androidx.emoji2:emoji2:1.0.0] AndroidManifest.xml:33:17-49
102            <meta-data
102-->[androidx.lifecycle:lifecycle-process:2.4.0] AndroidManifest.xml:31:13-33:52
103                android:name="androidx.lifecycle.ProcessLifecycleInitializer"
103-->[androidx.lifecycle:lifecycle-process:2.4.0] AndroidManifest.xml:32:17-78
104                android:value="androidx.startup" />
104-->[androidx.lifecycle:lifecycle-process:2.4.0] AndroidManifest.xml:33:17-49
105        </provider>
106
107        <uses-library
107-->[androidx.window:window:1.0.0] AndroidManifest.xml:25:9-27:40
108            android:name="androidx.window.extensions"
108-->[androidx.window:window:1.0.0] AndroidManifest.xml:26:13-54
109            android:required="false" />
109-->[androidx.window:window:1.0.0] AndroidManifest.xml:27:13-37
110        <uses-library
110-->[androidx.window:window:1.0.0] AndroidManifest.xml:28:9-30:40
111            android:name="androidx.window.sidecar"
111-->[androidx.window:window:1.0.0] AndroidManifest.xml:29:13-51
112            android:required="false" />
112-->[androidx.window:window:1.0.0] AndroidManifest.xml:30:13-37
113    </application>
114
115</manifest>